test_absolute (__main__.TestExercice) ... ok
test_factorial (__main__.TestExercice) ... ok
test_prefixes (__main__.TestExercice) ... ok
test_summation (__main__.TestExercice) ... FAIL
test_verify_ages (__main__.TestExercice) ... FAIL

======================================================================
FAIL: test_summation (__main__.TestExercice)
----------------------------------------------------------------------
Traceback (most recent call last):
  File "C:\Users\jeanj\OneDrive - polymtl.ca\Automne 2021\INF1007\Cours 5 Exo\c03_ch5_exercices-SenecalJF\test_exercice.py", line 47, in test_summation
    self.assertEqual(
AssertionError: 23593 != 24133 : Mauvaise réponse

======================================================================
FAIL: test_verify_ages (__main__.TestExercice)
----------------------------------------------------------------------
Traceback (most recent call last):
  File "C:\Users\jeanj\OneDrive - polymtl.ca\Automne 2021\INF1007\Cours 5 Exo\c03_ch5_exercices-SenecalJF\test_exercice.py", line 74, in test_verify_ages
    self.assertListEqual(
AssertionError: Lists differ: [False, True, False, False, True, True, False, True, False] != [False, True, False, False, True, True, True, True, False]

First differing element 6:
False
True

- [False, True, False, False, True, True, False, True, False]
?                                         -------

+ [False, True, False, False, True, True, True, True, False]
?                                              ++++++
 : Mauvaise réponse

----------------------------------------------------------------------
Ran 5 tests in 0.005s

FAILED (failures=2)
